<testsuite name="Mocha Tests" tests="6" failures="0" errors="0" skipped="1" timestamp="Sun, 23 Aug 2015 10:25:56 GMT" time="0.536">
<testcase classname="Data driven Find Test on Page tests (wip)" name="Load page and wait for expected text string(s) to appear" time="0.26"/>
<testcase classname="mocha" name="should pass when finishing without error" time="0"/>
<testcase classname="mocha" name="should pass when asserting true" time="0"/>
<testcase classname="mocha" name="should be pending with no function" time="0"><skipped/></testcase>
<testcase classname="mocha" name="2 + 2 = 4" time="0"/>
<testcase classname="mocha" name="64 / 8 = 8" time="0"/>
</testsuite>
